2019-10-26 17:35:25,776 - __main__ - INFO - 0 -- FaceEnv
2019-10-26 17:35:25,776 - __main__ - INFO - 1 -- CONTINUOUS
2019-10-26 17:35:25,776 - __main__ - INFO - 2 -- 68
2019-10-26 17:35:25,776 - __main__ - INFO - 3 -- None
2019-10-26 17:35:25,776 - __main__ - INFO - 4 -- 136
2019-10-26 17:35:25,776 - __main__ - INFO - 5 -- {'Actor': {'learning_rate': 0.003, 'linear_hidden_units': [20, 20], 'final_layer_activation': None, 'batch_norm': False, 'tau': 0.005, 'gradient_clipping_norm': 5, 'initialiser': 'Xavier'}, 'Critic': {'learning_rate': 0.02, 'linear_hidden_units': [20, 20], 'final_layer_activation': None, 'batch_norm': False, 'buffer_size': 1000000, 'tau': 0.005, 'gradient_clipping_norm': 5, 'initialiser': 'Xavier'}, 'min_steps_before_learning': 1000, 'batch_size': 256, 'discount_rate': 0.99, 'mu': 0.0, 'theta': 0.15, 'sigma': 0.25, 'action_noise_std': 0.2, 'action_noise_clipping_range': 0.5, 'update_every_n_steps': 20, 'learning_updates_per_learning_session': 10, 'automatically_tune_entropy_hyperparameter': True, 'entropy_term_weight': None, 'add_extra_noise': True, 'do_evaluation_iterations': True, 'clip_rewards': False}
2019-10-26 17:35:25,777 - __main__ - INFO - 6 -- inf
2019-10-26 17:35:25,777 - __main__ - INFO - 7 -- 100
2019-10-26 17:35:25,777 - __main__ - INFO - 8 -- cuda:0
2019-10-26 17:35:26,013 - __main__ - INFO - Reseting game -- New start state [[ 67.83827  136.16794 ]
 [ 11.682274  72.55226 ]
 [212.79381  218.2441  ]
 [ 78.95363   46.61091 ]
 [102.98269  161.38188 ]
 [ 20.513632   6.697527]
 [197.68085   47.535397]
 [ 73.01173   81.70444 ]
 [ 92.57507   91.16619 ]
 [195.83765  147.82635 ]
 [ 48.57453   26.320118]
 [172.6819   179.68846 ]
 [ 29.01327  118.12071 ]
 [171.40002  111.534164]
 [ 10.294992 112.12222 ]
 [193.64365  207.09415 ]
 [ 85.94453   24.976318]
 [ 40.175846 126.47875 ]
 [ 59.258453 164.98515 ]
 [223.34814   27.509504]
 [201.23381  159.02724 ]
 [ 38.941647 111.329155]
 [197.66428  165.69423 ]
 [104.11878   45.76983 ]
 [186.78214   96.044426]
 [131.17769   15.193558]
 [ 83.83187   42.101673]
 [ 43.385944 186.72961 ]
 [  1.202712  89.78474 ]
 [140.53047  120.0286  ]
 [ 25.720594 145.27185 ]
 [124.26198  177.89737 ]
 [ 41.60015   61.694748]
 [161.86171   64.08114 ]
 [215.57797   84.009834]
 [ 78.69466  217.63246 ]
 [125.925186  51.440845]
 [110.5057   186.28555 ]
 [157.37282  113.52447 ]
 [106.95096  172.41713 ]
 [203.71466   58.0601  ]
 [ 24.948244  32.484238]
 [193.03345  169.19716 ]
 [ 46.850796 219.40746 ]
 [ 90.35331   11.455087]
 [171.47745    7.281715]
 [ 89.4765    79.28119 ]
 [ 59.3136   101.980865]
 [184.89189   96.294304]
 [149.05875  180.08325 ]
 [141.52357  130.18068 ]
 [193.53177  185.05655 ]
 [220.76875  147.26057 ]
 [198.37166   33.661224]
 [195.25444  141.55914 ]
 [137.59354  114.94171 ]
 [136.43617   24.094152]
 [ 77.76875  208.35721 ]
 [214.71141  190.30357 ]
 [ 60.310104 109.77417 ]
 [ 27.298346  52.958523]
 [143.55783  217.70972 ]
 [140.83092  219.70306 ]
 [135.40187   87.5045  ]
 [ 67.31619   77.93899 ]
 [192.08589   97.8781  ]
 [ 39.43601  158.89705 ]
 [ 50.576702  12.345418]]
